{"numFailedTestSuites":0,"numFailedTests":0,"numPassedTestSuites":1,"numPassedTests":14,"numPendingTestSuites":0,"numPendingTests":14,"numRuntimeErrorTestSuites":0,"numTodoTests":0,"numTotalTestSuites":1,"numTotalTests":28,"openHandles":[],"snapshot":{"added":0,"didUpdate":false,"failure":false,"filesAdded":0,"filesRemoved":0,"filesRemovedList":[],"filesUnmatched":0,"filesUpdated":0,"matched":0,"total":0,"unchecked":0,"uncheckedKeysByFile":[],"unmatched":0,"updated":0},"startTime":1642687179895,"success":true,"testResults":[{"assertionResults":[{"ancestorTitles":["Thumbnail 컴포넌트 테스트","썸네일이 표현되어야 합니다"],"failureMessages":[],"fullName":"Thumbnail 컴포넌트 테스트 썸네일이 표현되어야 합니다 thumbnail 클래스를 가진 <img> 엘리먼트를 리턴해야 합니다","location":null,"status":"passed","title":"thumbnail 클래스를 가진 <img> 엘리먼트를 리턴해야 합니다"},{"ancestorTitles":["Thumbnail 컴포넌트 테스트","썸네일이 표현되어야 합니다"],"failureMessages":[],"fullName":"Thumbnail 컴포넌트 테스트 썸네일이 표현되어야 합니다 `source` 라는 이름의 props으로 이미지 파일 이름을 전달받아야 합니다","location":null,"status":"passed","title":"`source` 라는 이름의 props으로 이미지 파일 이름을 전달받아야 합니다"},{"ancestorTitles":["Thumbnail 컴포넌트 테스트","썸네일이 표현되어야 합니다"],"failureMessages":[],"fullName":"Thumbnail 컴포넌트 테스트 썸네일이 표현되어야 합니다 <img> 엘리먼트는 props로 받은 source를 적용해 이미지를 표시해야 합니다","location":null,"status":"passed","title":"<img> 엘리먼트는 props로 받은 source를 적용해 이미지를 표시해야 합니다"},{"ancestorTitles":["Gallery 컴포넌트 테스트","사진 목록이 map을 이용한 반복을 통해 보여져야 합니다"],"failureMessages":[],"fullName":"Gallery 컴포넌트 테스트 사진 목록이 map을 이용한 반복을 통해 보여져야 합니다 #list 아래에 <a> 엘리먼트가 세 개 있어야합니다","location":null,"status":"passed","title":"#list 아래에 <a> 엘리먼트가 세 개 있어야합니다"},{"ancestorTitles":["Gallery 컴포넌트 테스트","사진 목록이 map을 이용한 반복을 통해 보여져야 합니다"],"failureMessages":[],"fullName":"Gallery 컴포넌트 테스트 사진 목록이 map을 이용한 반복을 통해 보여져야 합니다 <a> 엘리먼트의 자식으로 <Thumbnail> 컴포넌트가 있어야합니다","location":null,"status":"passed","title":"<a> 엘리먼트의 자식으로 <Thumbnail> 컴포넌트가 있어야합니다"},{"ancestorTitles":["Gallery 컴포넌트 테스트","목록에서 선택한 사진은 별도로 크게 보여야 합니다"],"failureMessages":[],"fullName":"Gallery 컴포넌트 테스트 목록에서 선택한 사진은 별도로 크게 보여야 합니다 선택한 사진은 상태로 존재해야 하며, 초기값은 0번째 인덱스의 이미지여야 합니다","location":null,"status":"passed","title":"선택한 사진은 상태로 존재해야 하며, 초기값은 0번째 인덱스의 이미지여야 합니다"},{"ancestorTitles":["Gallery 컴포넌트 테스트","목록에서 선택한 사진은 별도로 크게 보여야 합니다"],"failureMessages":[],"fullName":"Gallery 컴포넌트 테스트 목록에서 선택한 사진은 별도로 크게 보여야 합니다 `#current-image`에 현재 선택한 사진이 표시되어야 합니다","location":null,"status":"passed","title":"`#current-image`에 현재 선택한 사진이 표시되어야 합니다"},{"ancestorTitles":["Gallery 컴포넌트 테스트","사진 목록에 있는 사진을 클릭하면, 현재 선택한 사진이 바뀌어야 합니다"],"failureMessages":[],"fullName":"Gallery 컴포넌트 테스트 사진 목록에 있는 사진을 클릭하면, 현재 선택한 사진이 바뀌어야 합니다 <a> 엘리먼트를 클릭하면 handleClick 함수가 실행되고, 클릭한 이미지 정보가 인자로 전달되어야 합니다","location":null,"status":"passed","title":"<a> 엘리먼트를 클릭하면 handleClick 함수가 실행되고, 클릭한 이미지 정보가 인자로 전달되어야 합니다"},{"ancestorTitles":["Gallery 컴포넌트 테스트","사진 목록에 있는 사진을 클릭하면, 현재 선택한 사진이 바뀌어야 합니다"],"failureMessages":[],"fullName":"Gallery 컴포넌트 테스트 사진 목록에 있는 사진을 클릭하면, 현재 선택한 사진이 바뀌어야 합니다 handleClick 함수를 통해 선택한 사진에 대한 상태가 변경되어야 합니다","location":null,"status":"passed","title":"handleClick 함수를 통해 선택한 사진에 대한 상태가 변경되어야 합니다"},{"ancestorTitles":["App 컴포넌트 테스트","메뉴에는 Gallery, About이라는 두 개의 항목이 존재해야 합니다"],"failureMessages":[],"fullName":"App 컴포넌트 테스트 메뉴에는 Gallery, About이라는 두 개의 항목이 존재해야 합니다 ul > li 엘리먼트 아래에 <Link> 컴포넌트가 두 개 존재해야 합니다","location":null,"status":"passed","title":"ul > li 엘리먼트 아래에 <Link> 컴포넌트가 두 개 존재해야 합니다"},{"ancestorTitles":["App 컴포넌트 테스트","메뉴에는 Gallery, About이라는 두 개의 항목이 존재해야 합니다"],"failureMessages":[],"fullName":"App 컴포넌트 테스트 메뉴에는 Gallery, About이라는 두 개의 항목이 존재해야 합니다 <Link> 컴포넌트는 각각 `/`, `/about` 주소로 이동할 수 있어야 합니다","location":null,"status":"passed","title":"<Link> 컴포넌트는 각각 `/`, `/about` 주소로 이동할 수 있어야 합니다"},{"ancestorTitles":["App 컴포넌트 테스트","페이지 영역이 존재하며, 메뉴 선택에 따라 페이지가 바뀌어야 합니다"],"failureMessages":[],"fullName":"App 컴포넌트 테스트 페이지 영역이 존재하며, 메뉴 선택에 따라 페이지가 바뀌어야 합니다 `#page` 영역에 라우팅에 따른 페이지 분기를 구현해야 합니다","location":null,"status":"passed","title":"`#page` 영역에 라우팅에 따른 페이지 분기를 구현해야 합니다"},{"ancestorTitles":["App 컴포넌트 테스트","페이지 영역이 존재하며, 메뉴 선택에 따라 페이지가 바뀌어야 합니다"],"failureMessages":[],"fullName":"App 컴포넌트 테스트 페이지 영역이 존재하며, 메뉴 선택에 따라 페이지가 바뀌어야 합니다 기본적으로 <Gallery> 페이지가 보여야 합니다","location":null,"status":"passed","title":"기본적으로 <Gallery> 페이지가 보여야 합니다"},{"ancestorTitles":["App 컴포넌트 테스트","페이지 영역이 존재하며, 메뉴 선택에 따라 페이지가 바뀌어야 합니다"],"failureMessages":[],"fullName":"App 컴포넌트 테스트 페이지 영역이 존재하며, 메뉴 선택에 따라 페이지가 바뀌어야 합니다 `/about` 주소로 이동하면, <About> 페이지가 보여야 합니다","location":null,"status":"passed","title":"`/about` 주소로 이동하면, <About> 페이지가 보여야 합니다"},{"ancestorTitles":["Todos 컴포넌트 테스트","메뉴에 Todos 라는 항목이 존재해야 합니다"],"failureMessages":[],"fullName":"Todos 컴포넌트 테스트 메뉴에 Todos 라는 항목이 존재해야 합니다 Todos 메뉴는 `/todos` 주소로 이동할 수 있어야 합니다","location":null,"status":"pending","title":"Todos 메뉴는 `/todos` 주소로 이동할 수 있어야 합니다"},{"ancestorTitles":["Todos 컴포넌트 테스트","페이지 영역이 존재하며, 메뉴 선택에 따라 페이지가 바뀌어야 합니다"],"failureMessages":[],"fullName":"Todos 컴포넌트 테스트 페이지 영역이 존재하며, 메뉴 선택에 따라 페이지가 바뀌어야 합니다 `#page` 영역에 라우팅에 따른 페이지 분기를 구현해야 합니다","location":null,"status":"pending","title":"`#page` 영역에 라우팅에 따른 페이지 분기를 구현해야 합니다"},{"ancestorTitles":["Todos 컴포넌트 테스트","페이지 영역이 존재하며, 메뉴 선택에 따라 페이지가 바뀌어야 합니다"],"failureMessages":[],"fullName":"Todos 컴포넌트 테스트 페이지 영역이 존재하며, 메뉴 선택에 따라 페이지가 바뀌어야 합니다 `/todos` 주소로 이동하면 <Todos> 페이지가 보여야 합니다","location":null,"status":"pending","title":"`/todos` 주소로 이동하면 <Todos> 페이지가 보여야 합니다"},{"ancestorTitles":["Todos 컴포넌트 테스트","Todos 페이지에 TodoForm과 Todo 컴포넌트가 존재해야 합니다."],"failureMessages":[],"fullName":"Todos 컴포넌트 테스트 Todos 페이지에 TodoForm과 Todo 컴포넌트가 존재해야 합니다. TodoForm 컴포넌트가 존재하는지 체크합니다.","location":null,"status":"pending","title":"TodoForm 컴포넌트가 존재하는지 체크합니다."},{"ancestorTitles":["Todos 컴포넌트 테스트","Todos 페이지에 TodoForm과 Todo 컴포넌트가 존재해야 합니다."],"failureMessages":[],"fullName":"Todos 컴포넌트 테스트 Todos 페이지에 TodoForm과 Todo 컴포넌트가 존재해야 합니다. Todo 컴포넌트가 존재하는지 체크합니다.","location":null,"status":"pending","title":"Todo 컴포넌트가 존재하는지 체크합니다."},{"ancestorTitles":["Todos 컴포넌트 테스트","Todo를 입력하면 새로운 Todo가 생성되어야 합니다."],"failureMessages":[],"fullName":"Todos 컴포넌트 테스트 Todo를 입력하면 새로운 Todo가 생성되어야 합니다. Todo를 작성할 수 있는 input.todo-input 엘리먼트 체크합니다.","location":null,"status":"pending","title":"Todo를 작성할 수 있는 input.todo-input 엘리먼트 체크합니다."},{"ancestorTitles":["Todos 컴포넌트 테스트","Todo를 입력하면 새로운 Todo가 생성되어야 합니다."],"failureMessages":[],"fullName":"Todos 컴포넌트 테스트 Todo를 입력하면 새로운 Todo가 생성되어야 합니다. Todo를 작성 후 등록시키는 button.todo-button 엘리먼트 체크합니다.","location":null,"status":"pending","title":"Todo를 작성 후 등록시키는 button.todo-button 엘리먼트 체크합니다."},{"ancestorTitles":["Todos 컴포넌트 테스트","Todo를 입력하면 새로운 Todo가 생성되어야 합니다."],"failureMessages":[],"fullName":"Todos 컴포넌트 테스트 Todo를 입력하면 새로운 Todo가 생성되어야 합니다. input 엘리먼트 내에 onChange 이벤트 핸들러 존재 여부 체크합니다.","location":null,"status":"pending","title":"input 엘리먼트 내에 onChange 이벤트 핸들러 존재 여부 체크합니다."},{"ancestorTitles":["Todos 컴포넌트 테스트","Todo를 입력하면 새로운 Todo가 생성되어야 합니다."],"failureMessages":[],"fullName":"Todos 컴포넌트 테스트 Todo를 입력하면 새로운 Todo가 생성되어야 합니다. input 엘리먼트에 Todo를 입력하고, button.todo-button을 클릭하면 새로운 Todo가 추가됩니다.","location":null,"status":"pending","title":"input 엘리먼트에 Todo를 입력하고, button.todo-button을 클릭하면 새로운 Todo가 추가됩니다."},{"ancestorTitles":["Todos 컴포넌트 테스트","Todo를 삭제하면 해당 Todo가 완전히 제거되어야 합니다."],"failureMessages":[],"fullName":"Todos 컴포넌트 테스트 Todo를 삭제하면 해당 Todo가 완전히 제거되어야 합니다. Todo를 삭제할 수 있는 아이콘이 존재해야 합니다.","location":null,"status":"pending","title":"Todo를 삭제할 수 있는 아이콘이 존재해야 합니다."},{"ancestorTitles":["Todos 컴포넌트 테스트","Todo를 삭제하면 해당 Todo가 완전히 제거되어야 합니다."],"failureMessages":[],"fullName":"Todos 컴포넌트 테스트 Todo를 삭제하면 해당 Todo가 완전히 제거되어야 합니다. 생성된 Todo가 정상적으로 삭제 되어야 합니다.","location":null,"status":"pending","title":"생성된 Todo가 정상적으로 삭제 되어야 합니다."},{"ancestorTitles":["Todos 컴포넌트 테스트","Todo를 삭제하면 해당 Todo가 완전히 제거되어야 합니다."],"failureMessages":[],"fullName":"Todos 컴포넌트 테스트 Todo를 삭제하면 해당 Todo가 완전히 제거되어야 합니다. 삭제된 Todo가 남아있지 않아야 합니다.","location":null,"status":"pending","title":"삭제된 Todo가 남아있지 않아야 합니다."},{"ancestorTitles":["Todos 컴포넌트 테스트","생성된 Todo를 누르면 line-through가 되며 체크되어야 합니다."],"failureMessages":[],"fullName":"Todos 컴포넌트 테스트 생성된 Todo를 누르면 line-through가 되며 체크되어야 합니다. 생성된 Todo를 클릭을 하면 line-through 가 되어야 합니다. (todo.css에서 .complete 속성 내역 참고)","location":null,"status":"pending","title":"생성된 Todo를 클릭을 하면 line-through 가 되어야 합니다. (todo.css에서 .complete 속성 내역 참고)"},{"ancestorTitles":["Todos 컴포넌트 테스트","생성된 Todo를 누르면 line-through가 되며 체크되어야 합니다."],"failureMessages":[],"fullName":"Todos 컴포넌트 테스트 생성된 Todo를 누르면 line-through가 되며 체크되어야 합니다. todo의 text 외의 부분을 클릭하면 line-through가 되지 않아야 합니다.","location":null,"status":"pending","title":"todo의 text 외의 부분을 클릭하면 line-through가 되지 않아야 합니다."}],"endTime":1642687181687,"message":"","name":"/Users/apple/Downloads/im-ha-section-1-master 2/src/__test__/index.test.js","startTime":1642687180383,"status":"passed","summary":""}],"wasInterrupted":false}